9/14/2018 1:19:59 PM
 
Log
7.848001 10 
UnityEngine.Debug:Log(Object)
PlayerController:OnCollisionEnter2D(Collision2D) (at Assets/Scripts/PlayerController.cs:92)

Log
17.658 10 gravityObject (GravityObjectRigidBody)
UnityEngine.Debug:Log(Object)
PlayerController:OnCollisionEnter2D(Collision2D) (at Assets/Scripts/PlayerController.cs:92)

Log
4.446831 10 
UnityEngine.Debug:Log(Object)
PlayerController:OnCollisionEnter2D(Collision2D) (at Assets/Scripts/PlayerController.cs:92)

Log
19.62 10 
UnityEngine.Debug:Log(Object)
PlayerController:OnCollisionEnter2D(Collision2D) (at Assets/Scripts/PlayerController.cs:92)

Log
5.886001 10 
UnityEngine.Debug:Log(Object)
PlayerController:OnCollisionEnter2D(Collision2D) (at Assets/Scripts/PlayerController.cs:92)

Log
19.62 10 
UnityEngine.Debug:Log(Object)
PlayerController:OnCollisionEnter2D(Collision2D) (at Assets/Scripts/PlayerController.cs:92)

Log
17.58136 10 gravityObject (GravityObjectRigidBody)
UnityEngine.Debug:Log(Object)
PlayerController:OnCollisionEnter2D(Collision2D) (at Assets/Scripts/PlayerController.cs:92)

Log
7.848002 10 
UnityEngine.Debug:Log(Object)
PlayerController:OnCollisionEnter2D(Collision2D) (at Assets/Scripts/PlayerController.cs:92)

Log
19.62 10 
UnityEngine.Debug:Log(Object)
PlayerController:OnCollisionEnter2D(Collision2D) (at Assets/Scripts/PlayerController.cs:92)

Log
17.72638 10 gravityObject (GravityObjectRigidBody)
UnityEngine.Debug:Log(Object)
PlayerController:OnCollisionEnter2D(Collision2D) (at Assets/Scripts/PlayerController.cs:92)

Log
7.848001 10 
UnityEngine.Debug:Log(Object)
PlayerController:OnCollisionEnter2D(Collision2D) (at Assets/Scripts/PlayerController.cs:92)

Log
3.924 10 
UnityEngine.Debug:Log(Object)
PlayerController:OnCollisionEnter2D(Collision2D) (at Assets/Scripts/PlayerController.cs:92)

Log
19.62 10 
UnityEngine.Debug:Log(Object)
PlayerController:OnCollisionEnter2D(Collision2D) (at Assets/Scripts/PlayerController.cs:92)

Log
19.62 10 
UnityEngine.Debug:Log(Object)
PlayerController:OnCollisionEnter2D(Collision2D) (at Assets/Scripts/PlayerController.cs:92)

Log
0 10 
UnityEngine.Debug:Log(Object)
PlayerController:OnCollisionEnter2D(Collision2D) (at Assets/Scripts/PlayerController.cs:92)

Log
19.62 10 
UnityEngine.Debug:Log(Object)
PlayerController:OnCollisionEnter2D(Collision2D) (at Assets/Scripts/PlayerController.cs:92)

Log
19.62 10 
UnityEngine.Debug:Log(Object)
PlayerController:OnCollisionEnter2D(Collision2D) (at Assets/Scripts/PlayerController.cs:92)

Log
17.58136 10 gravityObject (GravityObjectRigidBody)
UnityEngine.Debug:Log(Object)
PlayerController:OnCollisionEnter2D(Collision2D) (at Assets/Scripts/PlayerController.cs:92)

Log
7.848001 10 
UnityEngine.Debug:Log(Object)
PlayerController:OnCollisionEnter2D(Collision2D) (at Assets/Scripts/PlayerController.cs:92)

Log
19.62033 10 
UnityEngine.Debug:Log(Object)
PlayerController:OnCollisionEnter2D(Collision2D) (at Assets/Scripts/PlayerController.cs:92)

Log
19.62 10 
UnityEngine.Debug:Log(Object)
PlayerController:OnCollisionEnter2D(Collision2D) (at Assets/Scripts/PlayerController.cs:92)

Log
17.58136 10 gravityObject (GravityObjectRigidBody)
UnityEngine.Debug:Log(Object)
PlayerController:OnCollisionEnter2D(Collision2D) (at Assets/Scripts/PlayerController.cs:92)

Log
19.54336 10 
UnityEngine.Debug:Log(Object)
PlayerController:OnCollisionEnter2D(Collision2D) (at Assets/Scripts/PlayerController.cs:92)

Log
7.848001 10 
UnityEngine.Debug:Log(Object)
PlayerController:OnCollisionEnter2D(Collision2D) (at Assets/Scripts/PlayerController.cs:92)

Log
19.62 10 
UnityEngine.Debug:Log(Object)
PlayerController:OnCollisionEnter2D(Collision2D) (at Assets/Scripts/PlayerController.cs:92)

Log
19.62 10 
UnityEngine.Debug:Log(Object)
PlayerController:OnCollisionEnter2D(Collision2D) (at Assets/Scripts/PlayerController.cs:92)

Log
17.72638 10 gravityObject (GravityObjectRigidBody)
UnityEngine.Debug:Log(Object)
PlayerController:OnCollisionEnter2D(Collision2D) (at Assets/Scripts/PlayerController.cs:92)

Log
19.62 10 
UnityEngine.Debug:Log(Object)
PlayerController:OnCollisionEnter2D(Collision2D) (at Assets/Scripts/PlayerController.cs:92)

Log
19.62 10 
UnityEngine.Debug:Log(Object)
PlayerController:OnCollisionEnter2D(Collision2D) (at Assets/Scripts/PlayerController.cs:92)

Log
17.658 10 gravityObject (GravityObjectRigidBody)
UnityEngine.Debug:Log(Object)
PlayerController:OnCollisionEnter2D(Collision2D) (at Assets/Scripts/PlayerController.cs:92)

Log
7.848001 10 
UnityEngine.Debug:Log(Object)
PlayerController:OnCollisionEnter2D(Collision2D) (at Assets/Scripts/PlayerController.cs:92)

Log
17.68078 10 
UnityEngine.Debug:Log(Object)
PlayerController:OnCollisionEnter2D(Collision2D) (at Assets/Scripts/PlayerController.cs:92)

Log
19.62 10 
UnityEngine.Debug:Log(Object)
PlayerController:OnCollisionEnter2D(Collision2D) (at Assets/Scripts/PlayerController.cs:92)

Log
15.696 10 
UnityEngine.Debug:Log(Object)
PlayerController:OnCollisionEnter2D(Collision2D) (at Assets/Scripts/PlayerController.cs:92)

Log
17.65804 10 gravityObject (GravityObjectRigidBody)
UnityEngine.Debug:Log(Object)
PlayerController:OnCollisionEnter2D(Collision2D) (at Assets/Scripts/PlayerController.cs:92)

Log
7.848001 10 
UnityEngine.Debug:Log(Object)
PlayerController:OnCollisionEnter2D(Collision2D) (at Assets/Scripts/PlayerController.cs:92)

Log
19.62 10 
UnityEngine.Debug:Log(Object)
PlayerController:OnCollisionEnter2D(Collision2D) (at Assets/Scripts/PlayerController.cs:92)

Log
17.62735 10 
UnityEngine.Debug:Log(Object)
PlayerController:OnCollisionEnter2D(Collision2D) (at Assets/Scripts/PlayerController.cs:92)

Log
17.658 10 gravityObject (GravityObjectRigidBody)
UnityEngine.Debug:Log(Object)
PlayerController:OnCollisionEnter2D(Collision2D) (at Assets/Scripts/PlayerController.cs:92)

Log
7.848001 10 
UnityEngine.Debug:Log(Object)
PlayerController:OnCollisionEnter2D(Collision2D) (at Assets/Scripts/PlayerController.cs:92)

Log
19.62766 10 
UnityEngine.Debug:Log(Object)
PlayerController:OnCollisionEnter2D(Collision2D) (at Assets/Scripts/PlayerController.cs:92)

Log
19.62 10 
UnityEngine.Debug:Log(Object)
PlayerController:OnCollisionEnter2D(Collision2D) (at Assets/Scripts/PlayerController.cs:92)

Log
19.62 10 
UnityEngine.Debug:Log(Object)
PlayerController:OnCollisionEnter2D(Collision2D) (at Assets/Scripts/PlayerController.cs:92)

Log
19.62 10 
UnityEngine.Debug:Log(Object)
PlayerController:OnCollisionEnter2D(Collision2D) (at Assets/Scripts/PlayerController.cs:92)

Log
19.62 10 
UnityEngine.Debug:Log(Object)
PlayerController:OnCollisionEnter2D(Collision2D) (at Assets/Scripts/PlayerController.cs:92)

Log
15.696 10 
UnityEngine.Debug:Log(Object)
PlayerController:OnCollisionEnter2D(Collision2D) (at Assets/Scripts/PlayerController.cs:92)

Log
17.658 10 gravityObject (GravityObjectRigidBody)
UnityEngine.Debug:Log(Object)
PlayerController:OnCollisionEnter2D(Collision2D) (at Assets/Scripts/PlayerController.cs:92)

Log
19.62 10 
UnityEngine.Debug:Log(Object)
PlayerController:OnCollisionEnter2D(Collision2D) (at Assets/Scripts/PlayerController.cs:92)

Log
17.66566 10 gravityObject (GravityObjectRigidBody)
UnityEngine.Debug:Log(Object)
PlayerController:OnCollisionEnter2D(Collision2D) (at Assets/Scripts/PlayerController.cs:92)

Log
7.848001 10 
UnityEngine.Debug:Log(Object)
PlayerController:OnCollisionEnter2D(Collision2D) (at Assets/Scripts/PlayerController.cs:92)

Log
5.88603 10 gravityObject (GravityObjectRigidBody)
UnityEngine.Debug:Log(Object)
PlayerController:OnCollisionEnter2D(Collision2D) (at Assets/Scripts/PlayerController.cs:92)

Log
19.62 10 
UnityEngine.Debug:Log(Object)
PlayerController:OnCollisionEnter2D(Collision2D) (at Assets/Scripts/PlayerController.cs:92)

Log
3.924 10 
UnityEngine.Debug:Log(Object)
PlayerController:OnCollisionEnter2D(Collision2D) (at Assets/Scripts/PlayerController.cs:92)

Log
19.62 10 
UnityEngine.Debug:Log(Object)
PlayerController:OnCollisionEnter2D(Collision2D) (at Assets/Scripts/PlayerController.cs:92)

Log
17.58136 10 gravityObject (GravityObjectRigidBody)
UnityEngine.Debug:Log(Object)
PlayerController:OnCollisionEnter2D(Collision2D) (at Assets/Scripts/PlayerController.cs:92)

Log
19.62 10 
UnityEngine.Debug:Log(Object)
PlayerController:OnCollisionEnter2D(Collision2D) (at Assets/Scripts/PlayerController.cs:92)

Log
5.886001 10 
UnityEngine.Debug:Log(Object)
PlayerController:OnCollisionEnter2D(Collision2D) (at Assets/Scripts/PlayerController.cs:92)

Log
19.62 10 
UnityEngine.Debug:Log(Object)
PlayerController:OnCollisionEnter2D(Collision2D) (at Assets/Scripts/PlayerController.cs:92)

Log
11.772 10 
UnityEngine.Debug:Log(Object)
PlayerController:OnCollisionEnter2D(Collision2D) (at Assets/Scripts/PlayerController.cs:92)

Log
17.658 10 gravityObject (GravityObjectRigidBody)
UnityEngine.Debug:Log(Object)
PlayerController:OnCollisionEnter2D(Collision2D) (at Assets/Scripts/PlayerController.cs:92)

Log
7.848001 10 
UnityEngine.Debug:Log(Object)
PlayerController:OnCollisionEnter2D(Collision2D) (at Assets/Scripts/PlayerController.cs:92)

Log
3.924 10 
UnityEngine.Debug:Log(Object)
PlayerController:OnCollisionEnter2D(Collision2D) (at Assets/Scripts/PlayerController.cs:92)

Log
19.62 10 
UnityEngine.Debug:Log(Object)
PlayerController:OnCollisionEnter2D(Collision2D) (at Assets/Scripts/PlayerController.cs:92)

Log
17.658 10 gravityObject (GravityObjectRigidBody)
UnityEngine.Debug:Log(Object)
PlayerController:OnCollisionEnter2D(Collision2D) (at Assets/Scripts/PlayerController.cs:92)

Log
7.848001 10 
UnityEngine.Debug:Log(Object)
PlayerController:OnCollisionEnter2D(Collision2D) (at Assets/Scripts/PlayerController.cs:92)

Log
19.62003 10 
UnityEngine.Debug:Log(Object)
PlayerController:OnCollisionEnter2D(Collision2D) (at Assets/Scripts/PlayerController.cs:92)

Log
19.62 10 
UnityEngine.Debug:Log(Object)
PlayerController:OnCollisionEnter2D(Collision2D) (at Assets/Scripts/PlayerController.cs:92)

Log
3.924 10 
UnityEngine.Debug:Log(Object)
PlayerController:OnCollisionEnter2D(Collision2D) (at Assets/Scripts/PlayerController.cs:92)

Log
19.62 10 
UnityEngine.Debug:Log(Object)
PlayerController:OnCollisionEnter2D(Collision2D) (at Assets/Scripts/PlayerController.cs:92)

Log
19.62 10 
UnityEngine.Debug:Log(Object)
PlayerController:OnCollisionEnter2D(Collision2D) (at Assets/Scripts/PlayerController.cs:92)

Log
17.5814 10 gravityObject (GravityObjectRigidBody)
UnityEngine.Debug:Log(Object)
PlayerController:OnCollisionEnter2D(Collision2D) (at Assets/Scripts/PlayerController.cs:92)

Log
7.848001 10 
UnityEngine.Debug:Log(Object)
PlayerController:OnCollisionEnter2D(Collision2D) (at Assets/Scripts/PlayerController.cs:92)

Log
5.886001 10 
UnityEngine.Debug:Log(Object)
PlayerController:OnCollisionEnter2D(Collision2D) (at Assets/Scripts/PlayerController.cs:92)

Log
19.62 10 
UnityEngine.Debug:Log(Object)
PlayerController:OnCollisionEnter2D(Collision2D) (at Assets/Scripts/PlayerController.cs:92)

Log
19.62 10 
UnityEngine.Debug:Log(Object)
PlayerController:OnCollisionEnter2D(Collision2D) (at Assets/Scripts/PlayerController.cs:92)

Log
17.73404 10 gravityObject (GravityObjectRigidBody)
UnityEngine.Debug:Log(Object)
PlayerController:OnCollisionEnter2D(Collision2D) (at Assets/Scripts/PlayerController.cs:92)

Log
19.62 10 
UnityEngine.Debug:Log(Object)
PlayerController:OnCollisionEnter2D(Collision2D) (at Assets/Scripts/PlayerController.cs:92)

Log
19.62 10 
UnityEngine.Debug:Log(Object)
PlayerController:OnCollisionEnter2D(Collision2D) (at Assets/Scripts/PlayerController.cs:92)

Log
17.658 10 gravityObject (GravityObjectRigidBody)
UnityEngine.Debug:Log(Object)
PlayerController:OnCollisionEnter2D(Collision2D) (at Assets/Scripts/PlayerController.cs:92)

Log
19.62 10 
UnityEngine.Debug:Log(Object)
PlayerController:OnCollisionEnter2D(Collision2D) (at Assets/Scripts/PlayerController.cs:92)

Log
13.734 10 
UnityEngine.Debug:Log(Object)
PlayerController:OnCollisionEnter2D(Collision2D) (at Assets/Scripts/PlayerController.cs:92)

Log
17.658 10 gravityObject (GravityObjectRigidBody)
UnityEngine.Debug:Log(Object)
PlayerController:OnCollisionEnter2D(Collision2D) (at Assets/Scripts/PlayerController.cs:92)

Log
7.848001 10 
UnityEngine.Debug:Log(Object)
PlayerController:OnCollisionEnter2D(Collision2D) (at Assets/Scripts/PlayerController.cs:92)

Log
19.62 10 
UnityEngine.Debug:Log(Object)
PlayerController:OnCollisionEnter2D(Collision2D) (at Assets/Scripts/PlayerController.cs:92)

Log
19.62 10 
UnityEngine.Debug:Log(Object)
PlayerController:OnCollisionEnter2D(Collision2D) (at Assets/Scripts/PlayerController.cs:92)

Log
19.62 10 
UnityEngine.Debug:Log(Object)
PlayerController:OnCollisionEnter2D(Collision2D) (at Assets/Scripts/PlayerController.cs:92)

Log
19.62 10 
UnityEngine.Debug:Log(Object)
PlayerController:OnCollisionEnter2D(Collision2D) (at Assets/Scripts/PlayerController.cs:92)

Log
17.658 10 gravityObject (GravityObjectRigidBody)
UnityEngine.Debug:Log(Object)
PlayerController:OnCollisionEnter2D(Collision2D) (at Assets/Scripts/PlayerController.cs:92)

Log
7.848001 10 
UnityEngine.Debug:Log(Object)
PlayerController:OnCollisionEnter2D(Collision2D) (at Assets/Scripts/PlayerController.cs:92)

Log
19.62 10 
UnityEngine.Debug:Log(Object)
PlayerController:OnCollisionEnter2D(Collision2D) (at Assets/Scripts/PlayerController.cs:92)

Log
17.658 10 
UnityEngine.Debug:Log(Object)
PlayerController:OnCollisionEnter2D(Collision2D) (at Assets/Scripts/PlayerController.cs:92)

Log
19.62 10 
UnityEngine.Debug:Log(Object)
PlayerController:OnCollisionEnter2D(Collision2D) (at Assets/Scripts/PlayerController.cs:92)

Log
17.658 10 gravityObject (GravityObjectRigidBody)
UnityEngine.Debug:Log(Object)
PlayerController:OnCollisionEnter2D(Collision2D) (at Assets/Scripts/PlayerController.cs:92)

Log
7.848001 10 
UnityEngine.Debug:Log(Object)
PlayerController:OnCollisionEnter2D(Collision2D) (at Assets/Scripts/PlayerController.cs:92)

Log
17.658 10 gravityObject (GravityObjectRigidBody)
UnityEngine.Debug:Log(Object)
PlayerController:OnCollisionEnter2D(Collision2D) (at Assets/Scripts/PlayerController.cs:92)

Log
7.848001 10 
UnityEngine.Debug:Log(Object)
PlayerController:OnCollisionEnter2D(Collision2D) (at Assets/Scripts/PlayerController.cs:92)

Log
19.62 10 
UnityEngine.Debug:Log(Object)
PlayerController:OnCollisionEnter2D(Collision2D) (at Assets/Scripts/PlayerController.cs:92)

Log
19.62823 10 
UnityEngine.Debug:Log(Object)
PlayerController:OnCollisionEnter2D(Collision2D) (at Assets/Scripts/PlayerController.cs:92)

Log
19.62766 10 
UnityEngine.Debug:Log(Object)
PlayerController:OnCollisionEnter2D(Collision2D) (at Assets/Scripts/PlayerController.cs:92)

Log
0 10 gravityObject (GravityObjectRigidBody)
UnityEngine.Debug:Log(Object)
PlayerController:OnCollisionEnter2D(Collision2D) (at Assets/Scripts/PlayerController.cs:92)

Log
19.62 10 
UnityEngine.Debug:Log(Object)
PlayerController:OnCollisionEnter2D(Collision2D) (at Assets/Scripts/PlayerController.cs:92)

Log
17.58136 10 gravityObject (GravityObjectRigidBody)
UnityEngine.Debug:Log(Object)
PlayerController:OnCollisionEnter2D(Collision2D) (at Assets/Scripts/PlayerController.cs:92)

Log
19.54336 10 
UnityEngine.Debug:Log(Object)
PlayerController:OnCollisionEnter2D(Collision2D) (at Assets/Scripts/PlayerController.cs:92)

Log
7.848001 10 
UnityEngine.Debug:Log(Object)
PlayerController:OnCollisionEnter2D(Collision2D) (at Assets/Scripts/PlayerController.cs:92)

Log
0 10 
UnityEngine.Debug:Log(Object)
PlayerController:OnCollisionEnter2D(Collision2D) (at Assets/Scripts/PlayerController.cs:92)

Log
19.62 10 
UnityEngine.Debug:Log(Object)
PlayerController:OnCollisionEnter2D(Collision2D) (at Assets/Scripts/PlayerController.cs:92)

Log
17.658 10 gravityObject (GravityObjectRigidBody)
UnityEngine.Debug:Log(Object)
PlayerController:OnCollisionEnter2D(Collision2D) (at Assets/Scripts/PlayerController.cs:92)

Log
7.848001 10 
UnityEngine.Debug:Log(Object)
PlayerController:OnCollisionEnter2D(Collision2D) (at Assets/Scripts/PlayerController.cs:92)

Log
19.62 10 
UnityEngine.Debug:Log(Object)
PlayerController:OnCollisionEnter2D(Collision2D) (at Assets/Scripts/PlayerController.cs:92)

Log
11.772 10 
UnityEngine.Debug:Log(Object)
PlayerController:OnCollisionEnter2D(Collision2D) (at Assets/Scripts/PlayerController.cs:92)

Log
19.62 10 
UnityEngine.Debug:Log(Object)
PlayerController:OnCollisionEnter2D(Collision2D) (at Assets/Scripts/PlayerController.cs:92)

Log
19.62 10 
UnityEngine.Debug:Log(Object)
PlayerController:OnCollisionEnter2D(Collision2D) (at Assets/Scripts/PlayerController.cs:92)

Log
19.62 10 
UnityEngine.Debug:Log(Object)
PlayerController:OnCollisionEnter2D(Collision2D) (at Assets/Scripts/PlayerController.cs:92)

Log
17.58136 10 gravityObject (GravityObjectRigidBody)
UnityEngine.Debug:Log(Object)
PlayerController:OnCollisionEnter2D(Collision2D) (at Assets/Scripts/PlayerController.cs:92)

Log
7.848001 10 
UnityEngine.Debug:Log(Object)
PlayerController:OnCollisionEnter2D(Collision2D) (at Assets/Scripts/PlayerController.cs:92)

Log
19.62 10 
UnityEngine.Debug:Log(Object)
PlayerController:OnCollisionEnter2D(Collision2D) (at Assets/Scripts/PlayerController.cs:92)

Log
0 10 gravityObject (GravityObjectRigidBody)
UnityEngine.Debug:Log(Object)
PlayerController:OnCollisionEnter2D(Collision2D) (at Assets/Scripts/PlayerController.cs:92)

Log
17.64632 10 gravityObject (GravityObjectRigidBody)
UnityEngine.Debug:Log(Object)
PlayerController:OnCollisionEnter2D(Collision2D) (at Assets/Scripts/PlayerController.cs:92)

Log
19.60832 10 
UnityEngine.Debug:Log(Object)
PlayerController:OnCollisionEnter2D(Collision2D) (at Assets/Scripts/PlayerController.cs:92)

Log
7.848001 10 
UnityEngine.Debug:Log(Object)
PlayerController:OnCollisionEnter2D(Collision2D) (at Assets/Scripts/PlayerController.cs:92)

Log
13.734 10 gravityObject (GravityObjectRigidBody)
UnityEngine.Debug:Log(Object)
PlayerController:OnCollisionEnter2D(Collision2D) (at Assets/Scripts/PlayerController.cs:92)

Log
7.848001 10 
UnityEngine.Debug:Log(Object)
PlayerController:OnCollisionEnter2D(Collision2D) (at Assets/Scripts/PlayerController.cs:92)

Log
19.62 10 
UnityEngine.Debug:Log(Object)
PlayerController:OnCollisionEnter2D(Collision2D) (at Assets/Scripts/PlayerController.cs:92)

Log
19.62766 10 
UnityEngine.Debug:Log(Object)
PlayerController:OnCollisionEnter2D(Collision2D) (at Assets/Scripts/PlayerController.cs:92)

Log
19.6274 10 
UnityEngine.Debug:Log(Object)
PlayerController:OnCollisionEnter2D(Collision2D) (at Assets/Scripts/PlayerController.cs:92)

Log
0 10 
UnityEngine.Debug:Log(Object)
PlayerController:OnCollisionEnter2D(Collision2D) (at Assets/Scripts/PlayerController.cs:92)

Log
19.62 10 
UnityEngine.Debug:Log(Object)
PlayerController:OnCollisionEnter2D(Collision2D) (at Assets/Scripts/PlayerController.cs:92)

Log
13.734 10 
UnityEngine.Debug:Log(Object)
PlayerController:OnCollisionEnter2D(Collision2D) (at Assets/Scripts/PlayerController.cs:92)

Log
13.734 10 
UnityEngine.Debug:Log(Object)
PlayerController:OnCollisionEnter2D(Collision2D) (at Assets/Scripts/PlayerController.cs:92)

Log
17.658 10 gravityObject (GravityObjectRigidBody)
UnityEngine.Debug:Log(Object)
PlayerController:OnCollisionEnter2D(Collision2D) (at Assets/Scripts/PlayerController.cs:92)

Log
7.848001 10 
UnityEngine.Debug:Log(Object)
PlayerController:OnCollisionEnter2D(Collision2D) (at Assets/Scripts/PlayerController.cs:92)

Log
0 10 
UnityEngine.Debug:Log(Object)
PlayerController:OnCollisionEnter2D(Collision2D) (at Assets/Scripts/PlayerController.cs:92)

Log
19.62 10 
UnityEngine.Debug:Log(Object)
PlayerController:OnCollisionEnter2D(Collision2D) (at Assets/Scripts/PlayerController.cs:92)

Log
19.62 10 
UnityEngine.Debug:Log(Object)
PlayerController:OnCollisionEnter2D(Collision2D) (at Assets/Scripts/PlayerController.cs:92)

Log
17.658 10 gravityObject (GravityObjectRigidBody)
UnityEngine.Debug:Log(Object)
PlayerController:OnCollisionEnter2D(Collision2D) (at Assets/Scripts/PlayerController.cs:92)

Log
7.848001 10 
UnityEngine.Debug:Log(Object)
PlayerController:OnCollisionEnter2D(Collision2D) (at Assets/Scripts/PlayerController.cs:92)

Log
19.62 10 
UnityEngine.Debug:Log(Object)
PlayerController:OnCollisionEnter2D(Collision2D) (at Assets/Scripts/PlayerController.cs:92)

Log
19.62 10 
UnityEngine.Debug:Log(Object)
PlayerController:OnCollisionEnter2D(Collision2D) (at Assets/Scripts/PlayerController.cs:92)

Log
3.924 10 
UnityEngine.Debug:Log(Object)
PlayerController:OnCollisionEnter2D(Collision2D) (at Assets/Scripts/PlayerController.cs:92)

Log
9.81 10 
UnityEngine.Debug:Log(Object)
PlayerController:OnCollisionEnter2D(Collision2D) (at Assets/Scripts/PlayerController.cs:92)

Log
17.658 10 gravityObject (GravityObjectRigidBody)
UnityEngine.Debug:Log(Object)
PlayerController:OnCollisionEnter2D(Collision2D) (at Assets/Scripts/PlayerController.cs:92)

Log
7.848001 10 
UnityEngine.Debug:Log(Object)
PlayerController:OnCollisionEnter2D(Collision2D) (at Assets/Scripts/PlayerController.cs:92)

Log
17.658 10 gravityObject (GravityObjectRigidBody)
UnityEngine.Debug:Log(Object)
PlayerController:OnCollisionEnter2D(Collision2D) (at Assets/Scripts/PlayerController.cs:92)

Log
7.848001 10 
UnityEngine.Debug:Log(Object)
PlayerController:OnCollisionEnter2D(Collision2D) (at Assets/Scripts/PlayerController.cs:92)

Log
19.62 10 
UnityEngine.Debug:Log(Object)
PlayerController:OnCollisionEnter2D(Collision2D) (at Assets/Scripts/PlayerController.cs:92)

Log
19.62 10 
UnityEngine.Debug:Log(Object)
PlayerController:OnCollisionEnter2D(Collision2D) (at Assets/Scripts/PlayerController.cs:92)

Log
19.62 10 
UnityEngine.Debug:Log(Object)
PlayerController:OnCollisionEnter2D(Collision2D) (at Assets/Scripts/PlayerController.cs:92)

Log
19.62766 10 
UnityEngine.Debug:Log(Object)
PlayerController:OnCollisionEnter2D(Collision2D) (at Assets/Scripts/PlayerController.cs:92)

Log
17.658 10 gravityObject (GravityObjectRigidBody)
UnityEngine.Debug:Log(Object)
PlayerController:OnCollisionEnter2D(Collision2D) (at Assets/Scripts/PlayerController.cs:92)

Log
7.848001 10 
UnityEngine.Debug:Log(Object)
PlayerController:OnCollisionEnter2D(Collision2D) (at Assets/Scripts/PlayerController.cs:92)

Log
19.62003 10 
UnityEngine.Debug:Log(Object)
PlayerController:OnCollisionEnter2D(Collision2D) (at Assets/Scripts/PlayerController.cs:92)

Log
0 10 
UnityEngine.Debug:Log(Object)
PlayerController:OnCollisionEnter2D(Collision2D) (at Assets/Scripts/PlayerController.cs:92)

Log
17.658 10 
UnityEngine.Debug:Log(Object)
PlayerController:OnCollisionEnter2D(Collision2D) (at Assets/Scripts/PlayerController.cs:92)

Log
17.658 10 gravityObject (GravityObjectRigidBody)
UnityEngine.Debug:Log(Object)
PlayerController:OnCollisionEnter2D(Collision2D) (at Assets/Scripts/PlayerController.cs:92)

Log
7.848001 10 
UnityEngine.Debug:Log(Object)
PlayerController:OnCollisionEnter2D(Collision2D) (at Assets/Scripts/PlayerController.cs:92)

Log
19.62 10 
UnityEngine.Debug:Log(Object)
PlayerController:OnCollisionEnter2D(Collision2D) (at Assets/Scripts/PlayerController.cs:92)

Log
19.62 10 
UnityEngine.Debug:Log(Object)
PlayerController:OnCollisionEnter2D(Collision2D) (at Assets/Scripts/PlayerController.cs:92)

Log
19.62015 10 
UnityEngine.Debug:Log(Object)
PlayerController:OnCollisionEnter2D(Collision2D) (at Assets/Scripts/PlayerController.cs:92)

Log
19.62 10 
UnityEngine.Debug:Log(Object)
PlayerController:OnCollisionEnter2D(Collision2D) (at Assets/Scripts/PlayerController.cs:92)

Log
17.658 10 gravityObject (GravityObjectRigidBody)
UnityEngine.Debug:Log(Object)
PlayerController:OnCollisionEnter2D(Collision2D) (at Assets/Scripts/PlayerController.cs:92)

Log
5.886001 10 
UnityEngine.Debug:Log(Object)
PlayerController:OnCollisionEnter2D(Collision2D) (at Assets/Scripts/PlayerController.cs:92)

Log
19.62 10 
UnityEngine.Debug:Log(Object)
PlayerController:OnCollisionEnter2D(Collision2D) (at Assets/Scripts/PlayerController.cs:92)

Log
19.62766 10 
UnityEngine.Debug:Log(Object)
PlayerController:OnCollisionEnter2D(Collision2D) (at Assets/Scripts/PlayerController.cs:92)

Log
19.62766 10 
UnityEngine.Debug:Log(Object)
PlayerController:OnCollisionEnter2D(Collision2D) (at Assets/Scripts/PlayerController.cs:92)

Log
5.886001 10 
UnityEngine.Debug:Log(Object)
PlayerController:OnCollisionEnter2D(Collision2D) (at Assets/Scripts/PlayerController.cs:92)

Log
11.772 10 
UnityEngine.Debug:Log(Object)
PlayerController:OnCollisionEnter2D(Collision2D) (at Assets/Scripts/PlayerController.cs:92)

Log
19.62 10 
UnityEngine.Debug:Log(Object)
PlayerController:OnCollisionEnter2D(Collision2D) (at Assets/Scripts/PlayerController.cs:92)

Log
17.58136 10 gravityObject (GravityObjectRigidBody)
UnityEngine.Debug:Log(Object)
PlayerController:OnCollisionEnter2D(Collision2D) (at Assets/Scripts/PlayerController.cs:92)

Log
0 10 
UnityEngine.Debug:Log(Object)
PlayerController:OnCollisionEnter2D(Collision2D) (at Assets/Scripts/PlayerController.cs:92)

Log
19.62 10 
UnityEngine.Debug:Log(Object)
PlayerController:OnCollisionEnter2D(Collision2D) (at Assets/Scripts/PlayerController.cs:92)

Log
19.62 10 
UnityEngine.Debug:Log(Object)
PlayerController:OnCollisionEnter2D(Collision2D) (at Assets/Scripts/PlayerController.cs:92)

Log
19.62 10 
UnityEngine.Debug:Log(Object)
PlayerController:OnCollisionEnter2D(Collision2D) (at Assets/Scripts/PlayerController.cs:92)

Log
19.62 10 
UnityEngine.Debug:Log(Object)
PlayerController:OnCollisionEnter2D(Collision2D) (at Assets/Scripts/PlayerController.cs:92)

Log
19.62763 10 
UnityEngine.Debug:Log(Object)
PlayerController:OnCollisionEnter2D(Collision2D) (at Assets/Scripts/PlayerController.cs:92)

Log
19.62 10 
UnityEngine.Debug:Log(Object)
PlayerController:OnCollisionEnter2D(Collision2D) (at Assets/Scripts/PlayerController.cs:92)

Log
17.7264 10 gravityObject (GravityObjectRigidBody)
UnityEngine.Debug:Log(Object)
PlayerController:OnCollisionEnter2D(Collision2D) (at Assets/Scripts/PlayerController.cs:92)

Log
7.848001 10 
UnityEngine.Debug:Log(Object)
PlayerController:OnCollisionEnter2D(Collision2D) (at Assets/Scripts/PlayerController.cs:92)

Log
19.62 10 
UnityEngine.Debug:Log(Object)
PlayerController:OnCollisionEnter2D(Collision2D) (at Assets/Scripts/PlayerController.cs:92)

Log
17.658 10 gravityObject (GravityObjectRigidBody)
UnityEngine.Debug:Log(Object)
PlayerController:OnCollisionEnter2D(Collision2D) (at Assets/Scripts/PlayerController.cs:92)

Log
7.848001 10 
UnityEngine.Debug:Log(Object)
PlayerController:OnCollisionEnter2D(Collision2D) (at Assets/Scripts/PlayerController.cs:92)

Log
19.62 10 
UnityEngine.Debug:Log(Object)
PlayerController:OnCollisionEnter2D(Collision2D) (at Assets/Scripts/PlayerController.cs:92)

Log
19.62 10 
UnityEngine.Debug:Log(Object)
PlayerController:OnCollisionEnter2D(Collision2D) (at Assets/Scripts/PlayerController.cs:92)

Log
17.65804 10 gravityObject (GravityObjectRigidBody)
UnityEngine.Debug:Log(Object)
PlayerController:OnCollisionEnter2D(Collision2D) (at Assets/Scripts/PlayerController.cs:92)

Log
7.848001 10 
UnityEngine.Debug:Log(Object)
PlayerController:OnCollisionEnter2D(Collision2D) (at Assets/Scripts/PlayerController.cs:92)

Log
9.81 10 
UnityEngine.Debug:Log(Object)
PlayerController:OnCollisionEnter2D(Collision2D) (at Assets/Scripts/PlayerController.cs:92)

Log
17.658 10 gravityObject (GravityObjectRigidBody)
UnityEngine.Debug:Log(Object)
PlayerController:OnCollisionEnter2D(Collision2D) (at Assets/Scripts/PlayerController.cs:92)

Log
17.658 10 gravityObject (GravityObjectRigidBody)
UnityEngine.Debug:Log(Object)
PlayerController:OnCollisionEnter2D(Collision2D) (at Assets/Scripts/PlayerController.cs:92)

Log
19.62 10 
UnityEngine.Debug:Log(Object)
PlayerController:OnCollisionEnter2D(Collision2D) (at Assets/Scripts/PlayerController.cs:92)

Log
19.62766 10 
UnityEngine.Debug:Log(Object)
PlayerController:OnCollisionEnter2D(Collision2D) (at Assets/Scripts/PlayerController.cs:92)

Log
0 10 
UnityEngine.Debug:Log(Object)
PlayerController:OnCollisionEnter2D(Collision2D) (at Assets/Scripts/PlayerController.cs:92)

Log
0 10 gravityObject (GravityObjectRigidBody)
UnityEngine.Debug:Log(Object)
PlayerController:OnCollisionEnter2D(Collision2D) (at Assets/Scripts/PlayerController.cs:92)

Log
19.6552 10 
UnityEngine.Debug:Log(Object)
PlayerController:OnCollisionEnter2D(Collision2D) (at Assets/Scripts/PlayerController.cs:92)

Log
11.80236 10 gravityObject (GravityObjectRigidBody)
UnityEngine.Debug:Log(Object)
PlayerController:OnCollisionEnter2D(Collision2D) (at Assets/Scripts/PlayerController.cs:92)

Log
7.848001 10 
UnityEngine.Debug:Log(Object)
PlayerController:OnCollisionEnter2D(Collision2D) (at Assets/Scripts/PlayerController.cs:92)

Log
19.62 10 
UnityEngine.Debug:Log(Object)
PlayerController:OnCollisionEnter2D(Collision2D) (at Assets/Scripts/PlayerController.cs:92)

Log
17.658 10 gravityObject (GravityObjectRigidBody)
UnityEngine.Debug:Log(Object)
PlayerController:OnCollisionEnter2D(Collision2D) (at Assets/Scripts/PlayerController.cs:92)

Log
19.62 10 
UnityEngine.Debug:Log(Object)
PlayerController:OnCollisionEnter2D(Collision2D) (at Assets/Scripts/PlayerController.cs:92)

Log
19.62 10 
UnityEngine.Debug:Log(Object)
PlayerController:OnCollisionEnter2D(Collision2D) (at Assets/Scripts/PlayerController.cs:92)

Log
0 10 
UnityEngine.Debug:Log(Object)
PlayerController:OnCollisionEnter2D(Collision2D) (at Assets/Scripts/PlayerController.cs:92)

Log
17.658 10 gravityObject (GravityObjectRigidBody)
UnityEngine.Debug:Log(Object)
PlayerController:OnCollisionEnter2D(Collision2D) (at Assets/Scripts/PlayerController.cs:92)

Log
7.848001 10 
UnityEngine.Debug:Log(Object)
PlayerController:OnCollisionEnter2D(Collision2D) (at Assets/Scripts/PlayerController.cs:92)

Log
17.658 10 gravityObject (GravityObjectRigidBody)
UnityEngine.Debug:Log(Object)
PlayerController:OnCollisionEnter2D(Collision2D) (at Assets/Scripts/PlayerController.cs:92)

Log
7.848001 10 
UnityEngine.Debug:Log(Object)
PlayerController:OnCollisionEnter2D(Collision2D) (at Assets/Scripts/PlayerController.cs:92)

Log
0 10 gravityObject (GravityObjectRigidBody)
UnityEngine.Debug:Log(Object)
PlayerController:OnCollisionEnter2D(Collision2D) (at Assets/Scripts/PlayerController.cs:92)

Log
19.62175 10 
UnityEngine.Debug:Log(Object)
PlayerController:OnCollisionEnter2D(Collision2D) (at Assets/Scripts/PlayerController.cs:92)

Log
5.863013 10 gravityObject (GravityObjectRigidBody)
UnityEngine.Debug:Log(Object)
PlayerController:OnCollisionEnter2D(Collision2D) (at Assets/Scripts/PlayerController.cs:92)

Log
7.848001 10 
UnityEngine.Debug:Log(Object)
PlayerController:OnCollisionEnter2D(Collision2D) (at Assets/Scripts/PlayerController.cs:92)

Log
19.62 10 
UnityEngine.Debug:Log(Object)
PlayerController:OnCollisionEnter2D(Collision2D) (at Assets/Scripts/PlayerController.cs:92)

Log
3.920168 10 
UnityEngine.Debug:Log(Object)
PlayerController:OnCollisionEnter2D(Collision2D) (at Assets/Scripts/PlayerController.cs:92)

Log
19.62 10 
UnityEngine.Debug:Log(Object)
PlayerController:OnCollisionEnter2D(Collision2D) (at Assets/Scripts/PlayerController.cs:92)

Log
17.58136 10 gravityObject (GravityObjectRigidBody)
UnityEngine.Debug:Log(Object)
PlayerController:OnCollisionEnter2D(Collision2D) (at Assets/Scripts/PlayerController.cs:92)

Log
19.58168 10 
UnityEngine.Debug:Log(Object)
PlayerController:OnCollisionEnter2D(Collision2D) (at Assets/Scripts/PlayerController.cs:92)

Log
19.62 10 
UnityEngine.Debug:Log(Object)
PlayerController:OnCollisionEnter2D(Collision2D) (at Assets/Scripts/PlayerController.cs:92)

Log
5.886005 10 
UnityEngine.Debug:Log(Object)
PlayerController:OnCollisionEnter2D(Collision2D) (at Assets/Scripts/PlayerController.cs:92)

Log
17.58136 10 gravityObject (GravityObjectRigidBody)
UnityEngine.Debug:Log(Object)
PlayerController:OnCollisionEnter2D(Collision2D) (at Assets/Scripts/PlayerController.cs:92)

Log
7.848001 10 
UnityEngine.Debug:Log(Object)
PlayerController:OnCollisionEnter2D(Collision2D) (at Assets/Scripts/PlayerController.cs:92)

Log
19.62 10 
UnityEngine.Debug:Log(Object)
PlayerController:OnCollisionEnter2D(Collision2D) (at Assets/Scripts/PlayerController.cs:92)

Log
9.81 10 
UnityEngine.Debug:Log(Object)
PlayerController:OnCollisionEnter2D(Collision2D) (at Assets/Scripts/PlayerController.cs:92)

Log
17.658 10 gravityObject (GravityObjectRigidBody)
UnityEngine.Debug:Log(Object)
PlayerController:OnCollisionEnter2D(Collision2D) (at Assets/Scripts/PlayerController.cs:92)

Log
7.848001 10 
UnityEngine.Debug:Log(Object)
PlayerController:OnCollisionEnter2D(Collision2D) (at Assets/Scripts/PlayerController.cs:92)

Log
3.924 10 
UnityEngine.Debug:Log(Object)
PlayerController:OnCollisionEnter2D(Collision2D) (at Assets/Scripts/PlayerController.cs:92)

Log
17.658 10 gravityObject (GravityObjectRigidBody)
UnityEngine.Debug:Log(Object)
PlayerController:OnCollisionEnter2D(Collision2D) (at Assets/Scripts/PlayerController.cs:92)

Log
17.658 10 gravityObject (GravityObjectRigidBody)
UnityEngine.Debug:Log(Object)
PlayerController:OnCollisionEnter2D(Collision2D) (at Assets/Scripts/PlayerController.cs:92)

Log
0 10 
UnityEngine.Debug:Log(Object)
PlayerController:OnCollisionEnter2D(Collision2D) (at Assets/Scripts/PlayerController.cs:92)

Log
7.848001 10 
UnityEngine.Debug:Log(Object)
PlayerController:OnCollisionEnter2D(Collision2D) (at Assets/Scripts/PlayerController.cs:92)

Log
13.734 10 gravityObject (GravityObjectRigidBody)
UnityEngine.Debug:Log(Object)
PlayerController:OnCollisionEnter2D(Collision2D) (at Assets/Scripts/PlayerController.cs:92)

Log
5.882168 10 
UnityEngine.Debug:Log(Object)
PlayerController:OnCollisionEnter2D(Collision2D) (at Assets/Scripts/PlayerController.cs:92)

Log
15.63469 10 gravityObject (GravityObjectRigidBody)
UnityEngine.Debug:Log(Object)
PlayerController:OnCollisionEnter2D(Collision2D) (at Assets/Scripts/PlayerController.cs:92)

Log
7.848001 10 
UnityEngine.Debug:Log(Object)
PlayerController:OnCollisionEnter2D(Collision2D) (at Assets/Scripts/PlayerController.cs:92)

Log
11.772 10 
UnityEngine.Debug:Log(Object)
PlayerController:OnCollisionEnter2D(Collision2D) (at Assets/Scripts/PlayerController.cs:92)

Log
19.62 10 
UnityEngine.Debug:Log(Object)
PlayerController:OnCollisionEnter2D(Collision2D) (at Assets/Scripts/PlayerController.cs:92)

Log
0 10 
UnityEngine.Debug:Log(Object)
PlayerController:OnCollisionEnter2D(Collision2D) (at Assets/Scripts/PlayerController.cs:92)

Log
19.62 10 
UnityEngine.Debug:Log(Object)
PlayerController:OnCollisionEnter2D(Collision2D) (at Assets/Scripts/PlayerController.cs:92)

Log
15.696 10 
UnityEngine.Debug:Log(Object)
PlayerController:OnCollisionEnter2D(Collision2D) (at Assets/Scripts/PlayerController.cs:92)

Log
17.6587 10 gravityObject (GravityObjectRigidBody)
UnityEngine.Debug:Log(Object)
PlayerController:OnCollisionEnter2D(Collision2D) (at Assets/Scripts/PlayerController.cs:92)

Log
7.848001 10 
UnityEngine.Debug:Log(Object)
PlayerController:OnCollisionEnter2D(Collision2D) (at Assets/Scripts/PlayerController.cs:92)

Log
13.734 10 
UnityEngine.Debug:Log(Object)
PlayerController:OnCollisionEnter2D(Collision2D) (at Assets/Scripts/PlayerController.cs:92)

Log
19.62 10 
UnityEngine.Debug:Log(Object)
PlayerController:OnCollisionEnter2D(Collision2D) (at Assets/Scripts/PlayerController.cs:92)

Log
17.66566 10 gravityObject (GravityObjectRigidBody)
UnityEngine.Debug:Log(Object)
PlayerController:OnCollisionEnter2D(Collision2D) (at Assets/Scripts/PlayerController.cs:92)

Log
7.848001 10 
UnityEngine.Debug:Log(Object)
PlayerController:OnCollisionEnter2D(Collision2D) (at Assets/Scripts/PlayerController.cs:92)

Log
9.81 10 
UnityEngine.Debug:Log(Object)
PlayerController:OnCollisionEnter2D(Collision2D) (at Assets/Scripts/PlayerController.cs:92)

Log
13.734 10 
UnityEngine.Debug:Log(Object)
PlayerController:OnCollisionEnter2D(Collision2D) (at Assets/Scripts/PlayerController.cs:92)

Log
19.62 10 
UnityEngine.Debug:Log(Object)
PlayerController:OnCollisionEnter2D(Collision2D) (at Assets/Scripts/PlayerController.cs:92)

Log
19.62 10 
UnityEngine.Debug:Log(Object)
PlayerController:OnCollisionEnter2D(Collision2D) (at Assets/Scripts/PlayerController.cs:92)

Log
15.696 10 
UnityEngine.Debug:Log(Object)
PlayerController:OnCollisionEnter2D(Collision2D) (at Assets/Scripts/PlayerController.cs:92)

Log
17.65786 10 gravityObject (GravityObjectRigidBody)
UnityEngine.Debug:Log(Object)
PlayerController:OnCollisionEnter2D(Collision2D) (at Assets/Scripts/PlayerController.cs:92)

Log
7.848001 10 
UnityEngine.Debug:Log(Object)
PlayerController:OnCollisionEnter2D(Collision2D) (at Assets/Scripts/PlayerController.cs:92)

Log
19.62 10 
UnityEngine.Debug:Log(Object)
PlayerController:OnCollisionEnter2D(Collision2D) (at Assets/Scripts/PlayerController.cs:92)

Log
3.924 10 
UnityEngine.Debug:Log(Object)
PlayerController:OnCollisionEnter2D(Collision2D) (at Assets/Scripts/PlayerController.cs:92)

Log
17.658 10 
UnityEngine.Debug:Log(Object)
PlayerController:OnCollisionEnter2D(Collision2D) (at Assets/Scripts/PlayerController.cs:92)

Log
19.62766 10 
UnityEngine.Debug:Log(Object)
PlayerController:OnCollisionEnter2D(Collision2D) (at Assets/Scripts/PlayerController.cs:92)

Log
19.62 10 
UnityEngine.Debug:Log(Object)
PlayerController:OnCollisionEnter2D(Collision2D) (at Assets/Scripts/PlayerController.cs:92)

Log
17.658 10 gravityObject (GravityObjectRigidBody)
UnityEngine.Debug:Log(Object)
PlayerController:OnCollisionEnter2D(Collision2D) (at Assets/Scripts/PlayerController.cs:92)

Log
7.848001 10 
UnityEngine.Debug:Log(Object)
PlayerController:OnCollisionEnter2D(Collision2D) (at Assets/Scripts/PlayerController.cs:92)

Log
17.658 10 gravityObject (GravityObjectRigidBody)
UnityEngine.Debug:Log(Object)
PlayerController:OnCollisionEnter2D(Collision2D) (at Assets/Scripts/PlayerController.cs:92)

Log
7.848001 10 
UnityEngine.Debug:Log(Object)
PlayerController:OnCollisionEnter2D(Collision2D) (at Assets/Scripts/PlayerController.cs:92)

Log
19.62 10 
UnityEngine.Debug:Log(Object)
PlayerController:OnCollisionEnter2D(Collision2D) (at Assets/Scripts/PlayerController.cs:92)

Log
19.62 10 
UnityEngine.Debug:Log(Object)
PlayerController:OnCollisionEnter2D(Collision2D) (at Assets/Scripts/PlayerController.cs:92)

Log
17.658 10 gravityObject (GravityObjectRigidBody)
UnityEngine.Debug:Log(Object)
PlayerController:OnCollisionEnter2D(Collision2D) (at Assets/Scripts/PlayerController.cs:92)

Log
7.848001 10 
UnityEngine.Debug:Log(Object)
PlayerController:OnCollisionEnter2D(Collision2D) (at Assets/Scripts/PlayerController.cs:92)

Log
19.62 10 
UnityEngine.Debug:Log(Object)
PlayerController:OnCollisionEnter2D(Collision2D) (at Assets/Scripts/PlayerController.cs:92)

Log
17.658 10 gravityObject (GravityObjectRigidBody)
UnityEngine.Debug:Log(Object)
PlayerController:OnCollisionEnter2D(Collision2D) (at Assets/Scripts/PlayerController.cs:92)

Log
7.848001 10 
UnityEngine.Debug:Log(Object)
PlayerController:OnCollisionEnter2D(Collision2D) (at Assets/Scripts/PlayerController.cs:92)

Log
19.62 10 
UnityEngine.Debug:Log(Object)
PlayerController:OnCollisionEnter2D(Collision2D) (at Assets/Scripts/PlayerController.cs:92)

Log
17.658 10 gravityObject (GravityObjectRigidBody)
UnityEngine.Debug:Log(Object)
PlayerController:OnCollisionEnter2D(Collision2D) (at Assets/Scripts/PlayerController.cs:92)

Log
7.848001 10 
UnityEngine.Debug:Log(Object)
PlayerController:OnCollisionEnter2D(Collision2D) (at Assets/Scripts/PlayerController.cs:92)

Log
17.658 10 
UnityEngine.Debug:Log(Object)
PlayerController:OnCollisionEnter2D(Collision2D) (at Assets/Scripts/PlayerController.cs:92)

Log
19.62 10 
UnityEngine.Debug:Log(Object)
PlayerController:OnCollisionEnter2D(Collision2D) (at Assets/Scripts/PlayerController.cs:92)

Log
17.65774 10 gravityObject (GravityObjectRigidBody)
UnityEngine.Debug:Log(Object)
PlayerController:OnCollisionEnter2D(Collision2D) (at Assets/Scripts/PlayerController.cs:92)

Log
7.848001 10 
UnityEngine.Debug:Log(Object)
PlayerController:OnCollisionEnter2D(Collision2D) (at Assets/Scripts/PlayerController.cs:92)

Log
19.62 10 
UnityEngine.Debug:Log(Object)
PlayerController:OnCollisionEnter2D(Collision2D) (at Assets/Scripts/PlayerController.cs:92)

Log
19.62 10 
UnityEngine.Debug:Log(Object)
PlayerController:OnCollisionEnter2D(Collision2D) (at Assets/Scripts/PlayerController.cs:92)

Log
19.62766 10 
UnityEngine.Debug:Log(Object)
PlayerController:OnCollisionEnter2D(Collision2D) (at Assets/Scripts/PlayerController.cs:92)

Log
17.65857 10 gravityObject (GravityObjectRigidBody)
UnityEngine.Debug:Log(Object)
PlayerController:OnCollisionEnter2D(Collision2D) (at Assets/Scripts/PlayerController.cs:92)

Log
7.848001 10 
UnityEngine.Debug:Log(Object)
PlayerController:OnCollisionEnter2D(Collision2D) (at Assets/Scripts/PlayerController.cs:92)

Log
19.62 10 
UnityEngine.Debug:Log(Object)
PlayerController:OnCollisionEnter2D(Collision2D) (at Assets/Scripts/PlayerController.cs:92)

Log
19.62 10 
UnityEngine.Debug:Log(Object)
PlayerController:OnCollisionEnter2D(Collision2D) (at Assets/Scripts/PlayerController.cs:92)

Log
17.65804 10 gravityObject (GravityObjectRigidBody)
UnityEngine.Debug:Log(Object)
PlayerController:OnCollisionEnter2D(Collision2D) (at Assets/Scripts/PlayerController.cs:92)

Log
7.848001 10 
UnityEngine.Debug:Log(Object)
PlayerController:OnCollisionEnter2D(Collision2D) (at Assets/Scripts/PlayerController.cs:92)

Log
7.848001 10 
UnityEngine.Debug:Log(Object)
PlayerController:OnCollisionEnter2D(Collision2D) (at Assets/Scripts/PlayerController.cs:92)

Log
19.62 10 
UnityEngine.Debug:Log(Object)
PlayerController:OnCollisionEnter2D(Collision2D) (at Assets/Scripts/PlayerController.cs:92)

Log
19.62 10 
UnityEngine.Debug:Log(Object)
PlayerController:OnCollisionEnter2D(Collision2D) (at Assets/Scripts/PlayerController.cs:92)

Log
19.62 10 
UnityEngine.Debug:Log(Object)
PlayerController:OnCollisionEnter2D(Collision2D) (at Assets/Scripts/PlayerController.cs:92)

Log
17.658 10 gravityObject (GravityObjectRigidBody)
UnityEngine.Debug:Log(Object)
PlayerController:OnCollisionEnter2D(Collision2D) (at Assets/Scripts/PlayerController.cs:92)

Log
19.62 10 
UnityEngine.Debug:Log(Object)
PlayerController:OnCollisionEnter2D(Collision2D) (at Assets/Scripts/PlayerController.cs:92)

Log
7.848004 10 
UnityEngine.Debug:Log(Object)
PlayerController:OnCollisionEnter2D(Collision2D) (at Assets/Scripts/PlayerController.cs:92)

Log
17.65804 10 gravityObject (GravityObjectRigidBody)
UnityEngine.Debug:Log(Object)
PlayerController:OnCollisionEnter2D(Collision2D) (at Assets/Scripts/PlayerController.cs:92)

Log
7.848001 10 
UnityEngine.Debug:Log(Object)
PlayerController:OnCollisionEnter2D(Collision2D) (at Assets/Scripts/PlayerController.cs:92)

Log
19.62766 10 
UnityEngine.Debug:Log(Object)
PlayerController:OnCollisionEnter2D(Collision2D) (at Assets/Scripts/PlayerController.cs:92)

Log
19.62 10 
UnityEngine.Debug:Log(Object)
PlayerController:OnCollisionEnter2D(Collision2D) (at Assets/Scripts/PlayerController.cs:92)

Log
5.886001 10 
UnityEngine.Debug:Log(Object)
PlayerController:OnCollisionEnter2D(Collision2D) (at Assets/Scripts/PlayerController.cs:92)

Log
17.658 10 gravityObject (GravityObjectRigidBody)
UnityEngine.Debug:Log(Object)
PlayerController:OnCollisionEnter2D(Collision2D) (at Assets/Scripts/PlayerController.cs:92)

Log
7.848001 10 
UnityEngine.Debug:Log(Object)
PlayerController:OnCollisionEnter2D(Collision2D) (at Assets/Scripts/PlayerController.cs:92)

Log
19.62 10 
UnityEngine.Debug:Log(Object)
PlayerController:OnCollisionEnter2D(Collision2D) (at Assets/Scripts/PlayerController.cs:92)

Log
19.62 10 
UnityEngine.Debug:Log(Object)
PlayerController:OnCollisionEnter2D(Collision2D) (at Assets/Scripts/PlayerController.cs:92)

Log
19.62 10 
UnityEngine.Debug:Log(Object)
PlayerController:OnCollisionEnter2D(Collision2D) (at Assets/Scripts/PlayerController.cs:92)

Log
19.62 10 
UnityEngine.Debug:Log(Object)
PlayerController:OnCollisionEnter2D(Collision2D) (at Assets/Scripts/PlayerController.cs:92)

Log
19.62 10 
UnityEngine.Debug:Log(Object)
PlayerController:OnCollisionEnter2D(Collision2D) (at Assets/Scripts/PlayerController.cs:92)

Log
17.658 10 gravityObject (GravityObjectRigidBody)
UnityEngine.Debug:Log(Object)
PlayerController:OnCollisionEnter2D(Collision2D) (at Assets/Scripts/PlayerController.cs:92)

Log
7.848001 10 
UnityEngine.Debug:Log(Object)
PlayerController:OnCollisionEnter2D(Collision2D) (at Assets/Scripts/PlayerController.cs:92)

Log
13.73397 10 
UnityEngine.Debug:Log(Object)
PlayerController:OnCollisionEnter2D(Collision2D) (at Assets/Scripts/PlayerController.cs:92)

Log
17.658 10 
UnityEngine.Debug:Log(Object)
PlayerController:OnCollisionEnter2D(Collision2D) (at Assets/Scripts/PlayerController.cs:92)

Log
0.007660713 10 gravityObject (GravityObjectRigidBody)
UnityEngine.Debug:Log(Object)
PlayerController:OnCollisionEnter2D(Collision2D) (at Assets/Scripts/PlayerController.cs:92)

Log
19.62 10 
UnityEngine.Debug:Log(Object)
PlayerController:OnCollisionEnter2D(Collision2D) (at Assets/Scripts/PlayerController.cs:92)

Log
19.62 10 
UnityEngine.Debug:Log(Object)
PlayerController:OnCollisionEnter2D(Collision2D) (at Assets/Scripts/PlayerController.cs:92)

Log
19.62 10 
UnityEngine.Debug:Log(Object)
PlayerController:OnCollisionEnter2D(Collision2D) (at Assets/Scripts/PlayerController.cs:92)

Log
19.62 10 
UnityEngine.Debug:Log(Object)
PlayerController:OnCollisionEnter2D(Collision2D) (at Assets/Scripts/PlayerController.cs:92)

Log
3.924 10 
UnityEngine.Debug:Log(Object)
PlayerController:OnCollisionEnter2D(Collision2D) (at Assets/Scripts/PlayerController.cs:92)

Log
15.696 10 
UnityEngine.Debug:Log(Object)
PlayerController:OnCollisionEnter2D(Collision2D) (at Assets/Scripts/PlayerController.cs:92)

Log
7.848001 10 
UnityEngine.Debug:Log(Object)
PlayerController:OnCollisionEnter2D(Collision2D) (at Assets/Scripts/PlayerController.cs:92)

Log
11.772 10 
UnityEngine.Debug:Log(Object)
PlayerController:OnCollisionEnter2D(Collision2D) (at Assets/Scripts/PlayerController.cs:92)

Log
15.696 10 
UnityEngine.Debug:Log(Object)
PlayerController:OnCollisionEnter2D(Collision2D) (at Assets/Scripts/PlayerController.cs:92)

Log
3.924 10 
UnityEngine.Debug:Log(Object)
PlayerController:OnCollisionEnter2D(Collision2D) (at Assets/Scripts/PlayerController.cs:92)

Log
3.924 10 
UnityEngine.Debug:Log(Object)
PlayerController:OnCollisionEnter2D(Collision2D) (at Assets/Scripts/PlayerController.cs:92)

Log
13.734 10 
UnityEngine.Debug:Log(Object)
PlayerController:OnCollisionEnter2D(Collision2D) (at Assets/Scripts/PlayerController.cs:92)

Log
19.62 10 
UnityEngine.Debug:Log(Object)
PlayerController:OnCollisionEnter2D(Collision2D) (at Assets/Scripts/PlayerController.cs:92)

Log
19.62 10 
UnityEngine.Debug:Log(Object)
PlayerController:OnCollisionEnter2D(Collision2D) (at Assets/Scripts/PlayerController.cs:92)

Log
0.2630154 10 gravityObject (GravityObjectRigidBody)
UnityEngine.Debug:Log(Object)
PlayerController:OnCollisionEnter2D(Collision2D) (at Assets/Scripts/PlayerController.cs:92)

Log
19.62 10 
UnityEngine.Debug:Log(Object)
PlayerController:OnCollisionEnter2D(Collision2D) (at Assets/Scripts/PlayerController.cs:92)

Log
0 10 
UnityEngine.Debug:Log(Object)
PlayerController:OnCollisionEnter2D(Collision2D) (at Assets/Scripts/PlayerController.cs:92)

Log
19.62 10 
UnityEngine.Debug:Log(Object)
PlayerController:OnCollisionEnter2D(Collision2D) (at Assets/Scripts/PlayerController.cs:92)

Log
19.62823 10 
UnityEngine.Debug:Log(Object)
PlayerController:OnCollisionEnter2D(Collision2D) (at Assets/Scripts/PlayerController.cs:92)

Log
0 10 gravityObject (GravityObjectRigidBody)
UnityEngine.Debug:Log(Object)
PlayerController:OnCollisionEnter2D(Collision2D) (at Assets/Scripts/PlayerController.cs:92)

Log
19.62 10 
UnityEngine.Debug:Log(Object)
PlayerController:OnCollisionEnter2D(Collision2D) (at Assets/Scripts/PlayerController.cs:92)

Log
19.62098 10 
UnityEngine.Debug:Log(Object)
PlayerController:OnCollisionEnter2D(Collision2D) (at Assets/Scripts/PlayerController.cs:92)

Log
19.62581 10 
UnityEngine.Debug:Log(Object)
PlayerController:OnCollisionEnter2D(Collision2D) (at Assets/Scripts/PlayerController.cs:92)

Log
15.696 10 
UnityEngine.Debug:Log(Object)
PlayerController:OnCollisionEnter2D(Collision2D) (at Assets/Scripts/PlayerController.cs:92)

Log
11.772 10 
UnityEngine.Debug:Log(Object)
PlayerController:OnCollisionEnter2D(Collision2D) (at Assets/Scripts/PlayerController.cs:92)

Log
3.924 10 
UnityEngine.Debug:Log(Object)
PlayerController:OnCollisionEnter2D(Collision2D) (at Assets/Scripts/PlayerController.cs:92)

Log
19.62098 10 
UnityEngine.Debug:Log(Object)
PlayerController:OnCollisionEnter2D(Collision2D) (at Assets/Scripts/PlayerController.cs:92)

Log
3.93321 10 
UnityEngine.Debug:Log(Object)
PlayerController:OnCollisionEnter2D(Collision2D) (at Assets/Scripts/PlayerController.cs:92)

Log
19.62098 10 
UnityEngine.Debug:Log(Object)
PlayerController:OnCollisionEnter2D(Collision2D) (at Assets/Scripts/PlayerController.cs:92)

Log
11.772 10 
UnityEngine.Debug:Log(Object)
PlayerController:OnCollisionEnter2D(Collision2D) (at Assets/Scripts/PlayerController.cs:92)

Log
0 10 
UnityEngine.Debug:Log(Object)
PlayerController:OnCollisionEnter2D(Collision2D) (at Assets/Scripts/PlayerController.cs:92)

Log
5.886001 10 
UnityEngine.Debug:Log(Object)
PlayerController:OnCollisionEnter2D(Collision2D) (at Assets/Scripts/PlayerController.cs:92)

Log
19.62098 10 
UnityEngine.Debug:Log(Object)
PlayerController:OnCollisionEnter2D(Collision2D) (at Assets/Scripts/PlayerController.cs:92)

Log
5.895209 10 
UnityEngine.Debug:Log(Object)
PlayerController:OnCollisionEnter2D(Collision2D) (at Assets/Scripts/PlayerController.cs:92)

Log
19.62 10 
UnityEngine.Debug:Log(Object)
PlayerController:OnCollisionEnter2D(Collision2D) (at Assets/Scripts/PlayerController.cs:92)

Log
5.886005 10 
UnityEngine.Debug:Log(Object)
PlayerController:OnCollisionEnter2D(Collision2D) (at Assets/Scripts/PlayerController.cs:92)

Log
19.62 10 
UnityEngine.Debug:Log(Object)
PlayerController:OnCollisionEnter2D(Collision2D) (at Assets/Scripts/PlayerController.cs:92)

Log
17.58136 10 gravityObject (GravityObjectRigidBody)
UnityEngine.Debug:Log(Object)
PlayerController:OnCollisionEnter2D(Collision2D) (at Assets/Scripts/PlayerController.cs:92)

Log
19.62 10 
UnityEngine.Debug:Log(Object)
PlayerController:OnCollisionEnter2D(Collision2D) (at Assets/Scripts/PlayerController.cs:92)

Log
13.734 10 
UnityEngine.Debug:Log(Object)
PlayerController:OnCollisionEnter2D(Collision2D) (at Assets/Scripts/PlayerController.cs:92)

Log
17.658 10 gravityObject (GravityObjectRigidBody)
UnityEngine.Debug:Log(Object)
PlayerController:OnCollisionEnter2D(Collision2D) (at Assets/Scripts/PlayerController.cs:92)

Log
19.62 10 
UnityEngine.Debug:Log(Object)
PlayerController:OnCollisionEnter2D(Collision2D) (at Assets/Scripts/PlayerController.cs:92)

Log
17.658 10 gravityObject (GravityObjectRigidBody)
UnityEngine.Debug:Log(Object)
PlayerController:OnCollisionEnter2D(Collision2D) (at Assets/Scripts/PlayerController.cs:92)

Log
19.62 10 
UnityEngine.Debug:Log(Object)
PlayerController:OnCollisionEnter2D(Collision2D) (at Assets/Scripts/PlayerController.cs:92)

Log
7.848001 10 
UnityEngine.Debug:Log(Object)
PlayerController:OnCollisionEnter2D(Collision2D) (at Assets/Scripts/PlayerController.cs:92)

Log
19.62766 10 
UnityEngine.Debug:Log(Object)
PlayerController:OnCollisionEnter2D(Collision2D) (at Assets/Scripts/PlayerController.cs:92)

Log
17.658 10 gravityObject (GravityObjectRigidBody)
UnityEngine.Debug:Log(Object)
PlayerController:OnCollisionEnter2D(Collision2D) (at Assets/Scripts/PlayerController.cs:92)

Log
7.848001 10 
UnityEngine.Debug:Log(Object)
PlayerController:OnCollisionEnter2D(Collision2D) (at Assets/Scripts/PlayerController.cs:92)

Log
0 10 
UnityEngine.Debug:Log(Object)
PlayerController:OnCollisionEnter2D(Collision2D) (at Assets/Scripts/PlayerController.cs:92)

Log
0 10 
UnityEngine.Debug:Log(Object)
PlayerController:OnCollisionEnter2D(Collision2D) (at Assets/Scripts/PlayerController.cs:92)

Log
0 10 
UnityEngine.Debug:Log(Object)
PlayerController:OnCollisionEnter2D(Collision2D) (at Assets/Scripts/PlayerController.cs:92)

Log
19.62 10 
UnityEngine.Debug:Log(Object)
PlayerController:OnCollisionEnter2D(Collision2D) (at Assets/Scripts/PlayerController.cs:92)

Log
17.658 10 gravityObject (GravityObjectRigidBody)
UnityEngine.Debug:Log(Object)
PlayerController:OnCollisionEnter2D(Collision2D) (at Assets/Scripts/PlayerController.cs:92)

Log
7.848001 10 
UnityEngine.Debug:Log(Object)
PlayerController:OnCollisionEnter2D(Collision2D) (at Assets/Scripts/PlayerController.cs:92)

Log
17.658 10 gravityObject (GravityObjectRigidBody)
UnityEngine.Debug:Log(Object)
PlayerController:OnCollisionEnter2D(Collision2D) (at Assets/Scripts/PlayerController.cs:92)

Log
4.842877E-08 10 
UnityEngine.Debug:Log(Object)
PlayerController:OnCollisionEnter2D(Collision2D) (at Assets/Scripts/PlayerController.cs:92)

Log
19.62 10 
UnityEngine.Debug:Log(Object)
PlayerController:OnCollisionEnter2D(Collision2D) (at Assets/Scripts/PlayerController.cs:92)

Log
15.696 10 
UnityEngine.Debug:Log(Object)
PlayerController:OnCollisionEnter2D(Collision2D) (at Assets/Scripts/PlayerController.cs:92)

Log
17.658 10 gravityObject (GravityObjectRigidBody)
UnityEngine.Debug:Log(Object)
PlayerController:OnCollisionEnter2D(Collision2D) (at Assets/Scripts/PlayerController.cs:92)

Log
7.848001 10 
UnityEngine.Debug:Log(Object)
PlayerController:OnCollisionEnter2D(Collision2D) (at Assets/Scripts/PlayerController.cs:92)

Log
19.62 10 
UnityEngine.Debug:Log(Object)
PlayerController:OnCollisionEnter2D(Collision2D) (at Assets/Scripts/PlayerController.cs:92)

Log
7.848001 10 
UnityEngine.Debug:Log(Object)
PlayerController:OnCollisionEnter2D(Collision2D) (at Assets/Scripts/PlayerController.cs:92)

Log
17.658 10 gravityObject (GravityObjectRigidBody)
UnityEngine.Debug:Log(Object)
PlayerController:OnCollisionEnter2D(Collision2D) (at Assets/Scripts/PlayerController.cs:92)

Log
7.848001 10 
UnityEngine.Debug:Log(Object)
PlayerController:OnCollisionEnter2D(Collision2D) (at Assets/Scripts/PlayerController.cs:92)

Log
11.772 10 
UnityEngine.Debug:Log(Object)
PlayerController:OnCollisionEnter2D(Collision2D) (at Assets/Scripts/PlayerController.cs:92)

Log
19.62 10 
UnityEngine.Debug:Log(Object)
PlayerController:OnCollisionEnter2D(Collision2D) (at Assets/Scripts/PlayerController.cs:92)

Log
19.62 10 
UnityEngine.Debug:Log(Object)
PlayerController:OnCollisionEnter2D(Collision2D) (at Assets/Scripts/PlayerController.cs:92)

Log
9.81 10 
UnityEngine.Debug:Log(Object)
PlayerController:OnCollisionEnter2D(Collision2D) (at Assets/Scripts/PlayerController.cs:92)

Log
7.848004 10 
UnityEngine.Debug:Log(Object)
PlayerController:OnCollisionEnter2D(Collision2D) (at Assets/Scripts/PlayerController.cs:92)

Log
17.65804 10 gravityObject (GravityObjectRigidBody)
UnityEngine.Debug:Log(Object)
PlayerController:OnCollisionEnter2D(Collision2D) (at Assets/Scripts/PlayerController.cs:92)

Log
7.848001 10 
UnityEngine.Debug:Log(Object)
PlayerController:OnCollisionEnter2D(Collision2D) (at Assets/Scripts/PlayerController.cs:92)

Log
17.658 10 gravityObject (GravityObjectRigidBody)
UnityEngine.Debug:Log(Object)
PlayerController:OnCollisionEnter2D(Collision2D) (at Assets/Scripts/PlayerController.cs:92)

Log
7.848023 10 
UnityEngine.Debug:Log(Object)
PlayerController:OnCollisionEnter2D(Collision2D) (at Assets/Scripts/PlayerController.cs:92)

Log
0 10 
UnityEngine.Debug:Log(Object)
PlayerController:OnCollisionEnter2D(Collision2D) (at Assets/Scripts/PlayerController.cs:92)

Log
19.62 10 
UnityEngine.Debug:Log(Object)
PlayerController:OnCollisionEnter2D(Collision2D) (at Assets/Scripts/PlayerController.cs:92)

Log
11.772 10 
UnityEngine.Debug:Log(Object)
PlayerController:OnCollisionEnter2D(Collision2D) (at Assets/Scripts/PlayerController.cs:92)

Log
17.658 10 gravityObject (GravityObjectRigidBody)
UnityEngine.Debug:Log(Object)
PlayerController:OnCollisionEnter2D(Collision2D) (at Assets/Scripts/PlayerController.cs:92)

Log
7.848001 10 
UnityEngine.Debug:Log(Object)
PlayerController:OnCollisionEnter2D(Collision2D) (at Assets/Scripts/PlayerController.cs:92)

Log
19.62 10 
UnityEngine.Debug:Log(Object)
PlayerController:OnCollisionEnter2D(Collision2D) (at Assets/Scripts/PlayerController.cs:92)

Log
19.62 10 
UnityEngine.Debug:Log(Object)
PlayerController:OnCollisionEnter2D(Collision2D) (at Assets/Scripts/PlayerController.cs:92)

Log
3.924 10 
UnityEngine.Debug:Log(Object)
PlayerController:OnCollisionEnter2D(Collision2D) (at Assets/Scripts/PlayerController.cs:92)

Log
19.62 10 
UnityEngine.Debug:Log(Object)
PlayerController:OnCollisionEnter2D(Collision2D) (at Assets/Scripts/PlayerController.cs:92)

Log
17.658 10 gravityObject (GravityObjectRigidBody)
UnityEngine.Debug:Log(Object)
PlayerController:OnCollisionEnter2D(Collision2D) (at Assets/Scripts/PlayerController.cs:92)

Log
7.848001 10 
UnityEngine.Debug:Log(Object)
PlayerController:OnCollisionEnter2D(Collision2D) (at Assets/Scripts/PlayerController.cs:92)

Log
19.62 10 
UnityEngine.Debug:Log(Object)
PlayerController:OnCollisionEnter2D(Collision2D) (at Assets/Scripts/PlayerController.cs:92)

Log
17.658 10 
UnityEngine.Debug:Log(Object)
PlayerController:OnCollisionEnter2D(Collision2D) (at Assets/Scripts/PlayerController.cs:92)

Log
19.62 10 
UnityEngine.Debug:Log(Object)
PlayerController:OnCollisionEnter2D(Collision2D) (at Assets/Scripts/PlayerController.cs:92)

Log
17.65804 10 gravityObject (GravityObjectRigidBody)
UnityEngine.Debug:Log(Object)
PlayerController:OnCollisionEnter2D(Collision2D) (at Assets/Scripts/PlayerController.cs:92)

Log
9.81 10 
UnityEngine.Debug:Log(Object)
PlayerController:OnCollisionEnter2D(Collision2D) (at Assets/Scripts/PlayerController.cs:92)

Log
19.62 10 
UnityEngine.Debug:Log(Object)
PlayerController:OnCollisionEnter2D(Collision2D) (at Assets/Scripts/PlayerController.cs:92)

Log
19.62 10 
UnityEngine.Debug:Log(Object)
PlayerController:OnCollisionEnter2D(Collision2D) (at Assets/Scripts/PlayerController.cs:92)

Log
17.658 10 gravityObject (GravityObjectRigidBody)
UnityEngine.Debug:Log(Object)
PlayerController:OnCollisionEnter2D(Collision2D) (at Assets/Scripts/PlayerController.cs:92)

Log
7.848001 10 
UnityEngine.Debug:Log(Object)
PlayerController:OnCollisionEnter2D(Collision2D) (at Assets/Scripts/PlayerController.cs:92)

Log
19.62 10 
UnityEngine.Debug:Log(Object)
PlayerController:OnCollisionEnter2D(Collision2D) (at Assets/Scripts/PlayerController.cs:92)

Log
17.658 10 gravityObject (GravityObjectRigidBody)
UnityEngine.Debug:Log(Object)
PlayerController:OnCollisionEnter2D(Collision2D) (at Assets/Scripts/PlayerController.cs:92)

Log
7.848001 10 
UnityEngine.Debug:Log(Object)
PlayerController:OnCollisionEnter2D(Collision2D) (at Assets/Scripts/PlayerController.cs:92)

Log
19.62 10 
UnityEngine.Debug:Log(Object)
PlayerController:OnCollisionEnter2D(Collision2D) (at Assets/Scripts/PlayerController.cs:92)

